
/home/runner/work/exp-bulking-given-sample-dei/exp-bulking-given-sample-dei/experiment/simulation/js/main.js
    3:10  warning  'startingstep' is defined but never used       no-unused-vars
   19:10  warning  'step1' is defined but never used              no-unused-vars
   38:5   warning  'myTimeout' is not defined                     no-undef
   52:18  warning  'myTimeout' is not defined                     no-undef
   66:10  warning  'movecylinder' is defined but never used       no-unused-vars
   73:5   warning  'myTimeout' is not defined                     no-undef
   90:18  warning  'myTimeout' is not defined                     no-undef
   94:10  warning  'movefunnel' is defined but never used         no-unused-vars
  100:5   warning  'myTimeout1' is not defined                    no-undef
  121:18  warning  'myTimeout1' is not defined                    no-undef
  125:10  warning  'clicktofill' is defined but never used        no-unused-vars
  130:5   warning  'myTimeout2' is not defined                    no-undef
  144:18  warning  'myTimeout2' is not defined                    no-undef
  148:10  warning  'step2' is defined but never used              no-unused-vars
  167:10  warning  'liftscale' is defined but never used          no-unused-vars
  175:5   warning  'myTimeout4' is not defined                    no-undef
  189:18  warning  'myTimeout4' is not defined                    no-undef
  193:10  warning  'leveloff' is defined but never used           no-unused-vars
  200:5   warning  'myTimeout5' is not defined                    no-undef
  215:18  warning  'myTimeout5' is not defined                    no-undef
  219:10  warning  'step3' is defined but never used              no-unused-vars
  236:10  warning  'step4' is defined but never used              no-unused-vars
  263:10  warning  'fillthecontainer' is defined but never used   no-unused-vars
  269:5   warning  'myTimeout6' is not defined                    no-undef
  286:18  warning  'myTimeout6' is not defined                    no-undef
  290:10  warning  'step5' is defined but never used              no-unused-vars
  319:10  warning  'fillwater' is defined but never used          no-unused-vars
  325:5   warning  'myTimeout7' is not defined                    no-undef
  342:18  warning  'myTimeout7' is not defined                    no-undef
  346:10  warning  'step6' is defined but never used              no-unused-vars
  377:10  warning  'movebeaker' is defined but never used         no-unused-vars
  384:5   warning  'myTimeout8' is not defined                    no-undef
  396:18  warning  'myTimeout8' is not defined                    no-undef
  400:10  warning  'step7' is defined but never used              no-unused-vars
  421:10  warning  'movingrod' is defined but never used          no-unused-vars
  428:5   warning  'myTimeout8' is not defined                    no-undef
  442:18  warning  'myTimeout8a' is not defined                   no-undef
  446:10  warning  'liftbeaker1' is defined but never used        no-unused-vars
  452:5   warning  'myTimeout8' is not defined                    no-undef
  464:19  warning  'myTimeout8b' is not defined                   no-undef
  468:11  warning  'step7a' is defined but never used             no-unused-vars
  489:11  warning  'movingrod1' is defined but never used         no-unused-vars
  496:5   warning  'myTimeout8c' is not defined                   no-undef
  511:18  warning  'myTimeout8c' is not defined                   no-undef
  516:10  warning  'step7b' is defined but never used             no-unused-vars
  537:10  warning  'step8a' is defined but never used             no-unused-vars
  555:10  warning  'step8b' is defined but never used             no-unused-vars
  572:10  warning  'step8c' is defined but never used             no-unused-vars
  589:10  warning  'step9a' is defined but never used             no-unused-vars
  606:10  warning  'step9b' is defined but never used             no-unused-vars
  623:10  warning  'step9c' is defined but never used             no-unused-vars
  640:10  warning  'step9d' is defined but never used             no-unused-vars
  657:10  warning  'step10' is defined but never used             no-unused-vars
  670:10  warning  'redirectToNewLink' is defined but never used  no-unused-vars

✖ 54 problems (0 errors, 54 warnings)

